<?xml version="1.0" encoding="UTF-8"?>
<coverage generated="1486452183257" clover="3.2.0">
  <project timestamp="1486452183257" name="All files">
    <metrics statements="30" coveredstatements="14" conditionals="14" coveredconditionals="4" methods="9" coveredmethods="4" elements="53" coveredelements="22" complexity="0" loc="30" ncloc="30" packages="2" files="2" classes="2">
      <package name="actions">
        <metrics statements="22" coveredstatements="7" conditionals="8" coveredconditionals="0" methods="8" coveredmethods="3"/>
        <file name="counter.js" path="F:\wxapp\src\actions\counter.js">
          <metrics statements="22" coveredstatements="7" conditionals="8" coveredconditionals="0" methods="8" coveredmethods="3"/>
          <line num="1" count="2" type="stmt"/>
          <line num="9" count="1" type="stmt"/>
          <line num="15" count="1" type="stmt"/>
          <line num="16" count="1" type="stmt"/>
          <line num="17" count="1" type="stmt"/>
          <line num="21" count="1" type="stmt"/>
          <line num="27" count="2" type="stmt"/>
          <line num="28" count="0" type="stmt"/>
          <line num="45" count="0" type="stmt"/>
          <line num="46" count="0" type="stmt"/>
          <line num="47" count="0" type="stmt"/>
          <line num="48" count="0" type="stmt"/>
          <line num="49" count="0" type="stmt"/>
          <line num="50" count="0" type="stmt"/>
          <line num="51" count="0" type="stmt"/>
          <line num="54" count="0" type="stmt"/>
          <line num="55" count="0" type="stmt"/>
          <line num="57" count="0" type="stmt"/>
          <line num="58" count="0" type="stmt"/>
          <line num="59" count="0" type="stmt"/>
          <line num="62" count="0" type="stmt"/>
          <line num="63" count="0" type="stmt"/>
        </file>
      </package>
      <package name="reducers">
        <metrics statements="8" coveredstatements="7" conditionals="6" coveredconditionals="4" methods="1" coveredmethods="1"/>
        <file name="pay.js" path="F:\wxapp\src\reducers\pay.js">
          <metrics statements="8" coveredstatements="7" conditionals="6" coveredconditionals="4" methods="1" coveredmethods="1"/>
          <line num="5" count="1" type="stmt"/>
          <line num="13" count="4" type="stmt"/>
          <line num="14" count="4" type="stmt"/>
          <line num="16" count="1" type="stmt"/>
          <line num="20" count="1" type="stmt"/>
          <line num="24" count="1" type="stmt"/>
          <line num="29" count="1" type="stmt"/>
          <line num="34" count="0" type="stmt"/>
        </file>
      </package>
    </metrics>
  </project>
</coverage>
