<?xml version="1.0" encoding="UTF-8"?>
<coverage generated="1487556991281" clover="3.2.0">
  <project timestamp="1487556991281" name="All files">
    <metrics statements="145" coveredstatements="54" conditionals="63" coveredconditionals="21" methods="37" coveredmethods="15" elements="245" coveredelements="90" complexity="0" loc="145" ncloc="145" packages="3" files="8" classes="8">
      <package name="actions">
        <metrics statements="108" coveredstatements="18" conditionals="38" coveredconditionals="0" methods="32" coveredmethods="10"/>
        <file name="action.js" path="F:\wxapp\src\actions\action.js">
          <metrics statements="33" coveredstatements="12" conditionals="8" coveredconditionals="0" methods="16" coveredmethods="6"/>
          <line num="4" count="2" type="stmt"/>
          <line num="14" count="1" type="stmt"/>
          <line num="26" count="1" type="stmt"/>
          <line num="27" count="1" type="stmt"/>
          <line num="31" count="1" type="stmt"/>
          <line num="37" count="2" type="stmt"/>
          <line num="38" count="0" type="stmt"/>
          <line num="56" count="0" type="stmt"/>
          <line num="57" count="0" type="stmt"/>
          <line num="58" count="0" type="stmt"/>
          <line num="59" count="0" type="stmt"/>
          <line num="60" count="0" type="stmt"/>
          <line num="61" count="0" type="stmt"/>
          <line num="62" count="0" type="stmt"/>
          <line num="65" count="0" type="stmt"/>
          <line num="66" count="0" type="stmt"/>
          <line num="68" count="0" type="stmt"/>
          <line num="69" count="0" type="stmt"/>
          <line num="70" count="0" type="stmt"/>
          <line num="73" count="0" type="stmt"/>
          <line num="74" count="0" type="stmt"/>
          <line num="83" count="2" type="stmt"/>
          <line num="84" count="1" type="stmt"/>
          <line num="89" count="2" type="stmt"/>
          <line num="90" count="0" type="stmt"/>
          <line num="97" count="0" type="stmt"/>
          <line num="98" count="0" type="stmt"/>
          <line num="99" count="0" type="stmt"/>
          <line num="114" count="1" type="stmt"/>
          <line num="115" count="1" type="stmt"/>
          <line num="116" count="1" type="stmt"/>
          <line num="118" count="0" type="stmt"/>
          <line num="119" count="0" type="stmt"/>
        </file>
        <file name="feedbackAction.js" path="F:\wxapp\src\actions\feedbackAction.js">
          <metrics statements="21" coveredstatements="3" conditionals="6" coveredconditionals="0" methods="6" coveredmethods="2"/>
          <line num="3" count="2" type="stmt"/>
          <line num="13" count="1" type="stmt"/>
          <line num="21" count="1" type="stmt"/>
          <line num="29" count="0" type="stmt"/>
          <line num="30" count="0" type="stmt"/>
          <line num="31" count="0" type="stmt"/>
          <line num="33" count="0" type="stmt"/>
          <line num="34" count="0" type="stmt"/>
          <line num="35" count="0" type="stmt"/>
          <line num="38" count="0" type="stmt"/>
          <line num="39" count="0" type="stmt"/>
          <line num="40" count="0" type="stmt"/>
          <line num="43" count="0" type="stmt"/>
          <line num="44" count="0" type="stmt"/>
          <line num="51" count="0" type="stmt"/>
          <line num="52" count="0" type="stmt"/>
          <line num="53" count="0" type="stmt"/>
          <line num="55" count="0" type="stmt"/>
          <line num="56" count="0" type="stmt"/>
          <line num="60" count="0" type="stmt"/>
          <line num="61" count="0" type="stmt"/>
        </file>
        <file name="signupAction.js" path="F:\wxapp\src\actions\signupAction.js">
          <metrics statements="54" coveredstatements="3" conditionals="24" coveredconditionals="0" methods="10" coveredmethods="2"/>
          <line num="3" count="2" type="stmt"/>
          <line num="23" count="1" type="stmt"/>
          <line num="38" count="0" type="stmt"/>
          <line num="40" count="0" type="stmt"/>
          <line num="41" count="0" type="stmt"/>
          <line num="42" count="0" type="stmt"/>
          <line num="47" count="0" type="stmt"/>
          <line num="48" count="0" type="stmt"/>
          <line num="49" count="0" type="stmt"/>
          <line num="50" count="0" type="stmt"/>
          <line num="51" count="0" type="stmt"/>
          <line num="52" count="0" type="stmt"/>
          <line num="53" count="0" type="stmt"/>
          <line num="55" count="0" type="stmt"/>
          <line num="57" count="0" type="stmt"/>
          <line num="61" count="0" type="stmt"/>
          <line num="81" count="0" type="stmt"/>
          <line num="82" count="0" type="stmt"/>
          <line num="83" count="0" type="stmt"/>
          <line num="84" count="0" type="stmt"/>
          <line num="85" count="0" type="stmt"/>
          <line num="86" count="0" type="stmt"/>
          <line num="87" count="0" type="stmt"/>
          <line num="88" count="0" type="stmt"/>
          <line num="89" count="0" type="stmt"/>
          <line num="91" count="0" type="stmt"/>
          <line num="92" count="0" type="stmt"/>
          <line num="93" count="0" type="stmt"/>
          <line num="95" count="0" type="stmt"/>
          <line num="96" count="0" type="stmt"/>
          <line num="97" count="0" type="stmt"/>
          <line num="99" count="0" type="stmt"/>
          <line num="100" count="0" type="stmt"/>
          <line num="101" count="0" type="stmt"/>
          <line num="103" count="0" type="stmt"/>
          <line num="104" count="0" type="stmt"/>
          <line num="105" count="0" type="stmt"/>
          <line num="107" count="0" type="stmt"/>
          <line num="108" count="0" type="stmt"/>
          <line num="109" count="0" type="stmt"/>
          <line num="111" count="0" type="stmt"/>
          <line num="112" count="0" type="stmt"/>
          <line num="113" count="0" type="stmt"/>
          <line num="115" count="0" type="stmt"/>
          <line num="116" count="0" type="stmt"/>
          <line num="119" count="0" type="stmt"/>
          <line num="123" count="0" type="stmt"/>
          <line num="124" count="0" type="stmt"/>
          <line num="127" count="0" type="stmt"/>
          <line num="129" count="0" type="stmt"/>
          <line num="132" count="0" type="stmt"/>
          <line num="136" count="0" type="stmt"/>
          <line num="139" count="0" type="stmt"/>
          <line num="147" count="1" type="stmt"/>
        </file>
      </package>
      <package name="reducers">
        <metrics statements="29" coveredstatements="29" conditionals="23" coveredconditionals="20" methods="3" coveredmethods="3"/>
        <file name="feedback.js" path="F:\wxapp\src\reducers\feedback.js">
          <metrics statements="9" coveredstatements="9" conditionals="7" coveredconditionals="6" methods="1" coveredmethods="1"/>
          <line num="5" count="1" type="stmt"/>
          <line num="13" count="6" type="stmt"/>
          <line num="14" count="6" type="stmt"/>
          <line num="17" count="1" type="stmt"/>
          <line num="22" count="1" type="stmt"/>
          <line num="27" count="1" type="stmt"/>
          <line num="31" count="1" type="stmt"/>
          <line num="36" count="1" type="stmt"/>
          <line num="43" count="1" type="stmt"/>
        </file>
        <file name="pay.js" path="F:\wxapp\src\reducers\pay.js">
          <metrics statements="10" coveredstatements="10" conditionals="8" coveredconditionals="7" methods="1" coveredmethods="1"/>
          <line num="5" count="1" type="stmt"/>
          <line num="16" count="7" type="stmt"/>
          <line num="17" count="7" type="stmt"/>
          <line num="20" count="1" type="stmt"/>
          <line num="25" count="1" type="stmt"/>
          <line num="30" count="1" type="stmt"/>
          <line num="36" count="1" type="stmt"/>
          <line num="41" count="1" type="stmt"/>
          <line num="48" count="1" type="stmt"/>
          <line num="53" count="1" type="stmt"/>
        </file>
        <file name="signup.js" path="F:\wxapp\src\reducers\signup.js">
          <metrics statements="10" coveredstatements="10" conditionals="8" coveredconditionals="7" methods="1" coveredmethods="1"/>
          <line num="3" count="1" type="stmt"/>
          <line num="16" count="7" type="stmt"/>
          <line num="17" count="7" type="stmt"/>
          <line num="20" count="1" type="stmt"/>
          <line num="25" count="1" type="stmt"/>
          <line num="30" count="1" type="stmt"/>
          <line num="35" count="1" type="stmt"/>
          <line num="40" count="1" type="stmt"/>
          <line num="45" count="1" type="stmt"/>
          <line num="57" count="1" type="stmt"/>
        </file>
      </package>
      <package name="util">
        <metrics statements="8" coveredstatements="7" conditionals="2" coveredconditionals="1" methods="2" coveredmethods="2"/>
        <file name="http.js" path="F:\wxapp\src\util\http.js">
          <metrics statements="2" coveredstatements="1" conditionals="2" coveredconditionals="1" methods="1" coveredmethods="1"/>
          <line num="91" count="2" type="stmt"/>
          <line num="92" count="0" type="stmt"/>
        </file>
        <file name="util.js" path="F:\wxapp\src\util\util.js">
          <metrics statements="6" coveredstatements="6" conditionals="0" coveredconditionals="0" methods="1" coveredmethods="1"/>
          <line num="1" count="3" type="stmt"/>
          <line num="3" count="1" type="stmt"/>
          <line num="4" count="1" type="stmt"/>
          <line num="5" count="10" type="stmt"/>
          <line num="6" count="10" type="stmt"/>
          <line num="8" count="1" type="stmt"/>
        </file>
      </package>
    </metrics>
  </project>
</coverage>
