{"F:\\wxapp\\src\\actions\\counter.js": {"path":"F:\\wxapp\\src\\actions\\counter.js","statementMap":{"0":{"start":{"line":1,"column":26},"end":{"line":6,"column":1}},"1":{"start":{"line":9,"column":2},"end":{"line":11,"column":3}},"2":{"start":{"line":15,"column":2},"end":{"line":22,"column":3}},"3":{"start":{"line":16,"column":18},"end":{"line":16,"column":32}},"4":{"start":{"line":17,"column":3},"end":{"line":20,"column":5}},"5":{"start":{"line":21,"column":3},"end":{"line":21,"column":15}},"6":{"start":{"line":27,"column":15},"end":{"line":32,"column":1}},"7":{"start":{"line":28,"column":2},"end":{"line":31,"column":4}},"8":{"start":{"line":45,"column":2},"end":{"line":65,"column":3}},"9":{"start":{"line":46,"column":44},"end":{"line":46,"column":58}},"10":{"start":{"line":47,"column":4},"end":{"line":64,"column":5}},"11":{"start":{"line":48,"column":6},"end":{"line":60,"column":7}},"12":{"start":{"line":49,"column":8},"end":{"line":56,"column":11}},"13":{"start":{"line":50,"column":10},"end":{"line":50,"column":33}},"14":{"start":{"line":51,"column":10},"end":{"line":51,"column":36}},"15":{"start":{"line":54,"column":10},"end":{"line":54,"column":21}},"16":{"start":{"line":55,"column":10},"end":{"line":55,"column":33}},"17":{"start":{"line":57,"column":12},"end":{"line":60,"column":7}},"18":{"start":{"line":58,"column":8},"end":{"line":58,"column":36}},"19":{"start":{"line":59,"column":8},"end":{"line":59,"column":30}},"20":{"start":{"line":62,"column":6},"end":{"line":62,"column":17}},"21":{"start":{"line":63,"column":6},"end":{"line":63,"column":29}}},"fnMap":{"0":{"name":"payWay","decl":{"start":{"line":8,"column":16},"end":{"line":8,"column":22}},"loc":{"start":{"line":8,"column":30},"end":{"line":12,"column":1}}},"1":{"name":"chargeMoney","decl":{"start":{"line":14,"column":16},"end":{"line":14,"column":27}},"loc":{"start":{"line":14,"column":31},"end":{"line":23,"column":1}}},"2":{"name":"(anonymous_2)","decl":{"start":{"line":15,"column":9},"end":{"line":15,"column":10}},"loc":{"start":{"line":15,"column":23},"end":{"line":22,"column":3}}},"3":{"name":"(anonymous_3)","decl":{"start":{"line":27,"column":15},"end":{"line":27,"column":16}},"loc":{"start":{"line":27,"column":35},"end":{"line":32,"column":1}}},"4":{"name":"submit","decl":{"start":{"line":44,"column":16},"end":{"line":44,"column":22}},"loc":{"start":{"line":44,"column":70},"end":{"line":66,"column":1}}},"5":{"name":"(anonymous_5)","decl":{"start":{"line":45,"column":10},"end":{"line":45,"column":11}},"loc":{"start":{"line":45,"column":33},"end":{"line":65,"column":3}}},"6":{"name":"(anonymous_6)","decl":{"start":{"line":49,"column":29},"end":{"line":49,"column":30}},"loc":{"start":{"line":49,"column":39},"end":{"line":52,"column":9}}},"7":{"name":"(anonymous_7)","decl":{"start":{"line":53,"column":9},"end":{"line":53,"column":10}},"loc":{"start":{"line":53,"column":19},"end":{"line":56,"column":9}}}},"branchMap":{"0":{"loc":{"start":{"line":47,"column":4},"end":{"line":64,"column":5}},"type":"if","locations":[{"start":{"line":47,"column":4},"end":{"line":64,"column":5}},{"start":{"line":47,"column":4},"end":{"line":64,"column":5}}]},"1":{"loc":{"start":{"line":48,"column":6},"end":{"line":60,"column":7}},"type":"if","locations":[{"start":{"line":48,"column":6},"end":{"line":60,"column":7}},{"start":{"line":48,"column":6},"end":{"line":60,"column":7}}]},"2":{"loc":{"start":{"line":49,"column":8},"end":{"line":56,"column":11}},"type":"cond-expr","locations":[{"start":{"line":49,"column":29},"end":{"line":52,"column":11}},{"start":{"line":53,"column":9},"end":{"line":56,"column":11}}]},"3":{"loc":{"start":{"line":57,"column":12},"end":{"line":60,"column":7}},"type":"if","locations":[{"start":{"line":57,"column":12},"end":{"line":60,"column":7}},{"start":{"line":57,"column":12},"end":{"line":60,"column":7}}]}},"s":{"0":2,"1":1,"2":1,"3":1,"4":1,"5":1,"6":2,"7":0,"8":0,"9":0,"10":0,"11":0,"12":0,"13":0,"14":0,"15":0,"16":0,"17":0,"18":0,"19":0,"20":0,"21":0},"f":{"0":1,"1":1,"2":1,"3":0,"4":0,"5":0,"6":0,"7":0},"b":{"0":[0,0],"1":[0,0],"2":[0,0],"3":[0,0]},"_coverageSchema":"332fd63041d2c1bcb487cc26dd0d5f7d97098a6c","hash":"326e66b6de9c81fa6f9736e5fdcf2aa7ed551292"}
,"F:\\wxapp\\src\\reducers\\pay.js": {"path":"F:\\wxapp\\src\\reducers\\pay.js","statementMap":{"0":{"start":{"line":5,"column":25},"end":{"line":10,"column":1}},"1":{"start":{"line":13,"column":33},"end":{"line":13,"column":39}},"2":{"start":{"line":14,"column":1},"end":{"line":35,"column":2}},"3":{"start":{"line":16,"column":3},"end":{"line":18,"column":6}},"4":{"start":{"line":20,"column":3},"end":{"line":22,"column":6}},"5":{"start":{"line":24,"column":3},"end":{"line":26,"column":6}},"6":{"start":{"line":29,"column":3},"end":{"line":32,"column":6}},"7":{"start":{"line":34,"column":3},"end":{"line":34,"column":16}}},"fnMap":{"0":{"name":"(anonymous_0)","decl":{"start":{"line":12,"column":15},"end":{"line":12,"column":16}},"loc":{"start":{"line":12,"column":46},"end":{"line":36,"column":1}}}},"branchMap":{"0":{"loc":{"start":{"line":12,"column":16},"end":{"line":12,"column":33}},"type":"default-arg","locations":[{"start":{"line":12,"column":24},"end":{"line":12,"column":33}}]},"1":{"loc":{"start":{"line":14,"column":1},"end":{"line":35,"column":2}},"type":"switch","locations":[{"start":{"line":15,"column":2},"end":{"line":18,"column":6}},{"start":{"line":19,"column":2},"end":{"line":22,"column":6}},{"start":{"line":23,"column":2},"end":{"line":26,"column":6}},{"start":{"line":28,"column":2},"end":{"line":32,"column":6}},{"start":{"line":33,"column":2},"end":{"line":34,"column":16}}]}},"s":{"0":1,"1":4,"2":4,"3":1,"4":1,"5":1,"6":1,"7":0},"f":{"0":4},"b":{"0":[0],"1":[1,1,1,1,0]},"_coverageSchema":"332fd63041d2c1bcb487cc26dd0d5f7d97098a6c","hash":"021ae9338812aacea7b61ebf7ceec9c35abcc71d"}
}
