{"F:\\wxapp\\src\\actions\\counter.js": {"path":"F:\\wxapp\\src\\actions\\counter.js","statementMap":{"0":{"start":{"line":4,"column":26},"end":{"line":12,"column":1}},"1":{"start":{"line":15,"column":2},"end":{"line":17,"column":3}},"2":{"start":{"line":21,"column":2},"end":{"line":28,"column":3}},"3":{"start":{"line":22,"column":18},"end":{"line":22,"column":32}},"4":{"start":{"line":23,"column":3},"end":{"line":26,"column":5}},"5":{"start":{"line":27,"column":3},"end":{"line":27,"column":15}},"6":{"start":{"line":33,"column":15},"end":{"line":38,"column":1}},"7":{"start":{"line":34,"column":2},"end":{"line":37,"column":4}},"8":{"start":{"line":51,"column":2},"end":{"line":71,"column":3}},"9":{"start":{"line":52,"column":53},"end":{"line":52,"column":67}},"10":{"start":{"line":53,"column":4},"end":{"line":70,"column":5}},"11":{"start":{"line":54,"column":6},"end":{"line":66,"column":7}},"12":{"start":{"line":55,"column":8},"end":{"line":62,"column":11}},"13":{"start":{"line":56,"column":10},"end":{"line":56,"column":33}},"14":{"start":{"line":57,"column":10},"end":{"line":57,"column":45}},"15":{"start":{"line":60,"column":10},"end":{"line":60,"column":21}},"16":{"start":{"line":61,"column":10},"end":{"line":61,"column":33}},"17":{"start":{"line":63,"column":12},"end":{"line":66,"column":7}},"18":{"start":{"line":64,"column":8},"end":{"line":64,"column":36}},"19":{"start":{"line":65,"column":8},"end":{"line":65,"column":30}},"20":{"start":{"line":68,"column":6},"end":{"line":68,"column":17}},"21":{"start":{"line":69,"column":6},"end":{"line":69,"column":29}},"22":{"start":{"line":78,"column":20},"end":{"line":82,"column":1}},"23":{"start":{"line":79,"column":2},"end":{"line":81,"column":3}},"24":{"start":{"line":84,"column":28},"end":{"line":89,"column":1}},"25":{"start":{"line":85,"column":2},"end":{"line":88,"column":3}},"26":{"start":{"line":92,"column":2},"end":{"line":97,"column":3}},"27":{"start":{"line":93,"column":4},"end":{"line":93,"column":15}},"28":{"start":{"line":94,"column":4},"end":{"line":96,"column":6}},"29":{"start":{"line":104,"column":2},"end":{"line":111,"column":3}},"30":{"start":{"line":105,"column":4},"end":{"line":105,"column":27}},"31":{"start":{"line":106,"column":4},"end":{"line":110,"column":6}},"32":{"start":{"line":108,"column":24},"end":{"line":108,"column":106}},"33":{"start":{"line":109,"column":23},"end":{"line":109,"column":60}}},"fnMap":{"0":{"name":"payWay","decl":{"start":{"line":14,"column":16},"end":{"line":14,"column":22}},"loc":{"start":{"line":14,"column":30},"end":{"line":18,"column":1}}},"1":{"name":"chargeMoney","decl":{"start":{"line":20,"column":16},"end":{"line":20,"column":27}},"loc":{"start":{"line":20,"column":31},"end":{"line":29,"column":1}}},"2":{"name":"(anonymous_2)","decl":{"start":{"line":21,"column":9},"end":{"line":21,"column":10}},"loc":{"start":{"line":21,"column":23},"end":{"line":28,"column":3}}},"3":{"name":"(anonymous_3)","decl":{"start":{"line":33,"column":15},"end":{"line":33,"column":16}},"loc":{"start":{"line":33,"column":35},"end":{"line":38,"column":1}}},"4":{"name":"submit","decl":{"start":{"line":50,"column":16},"end":{"line":50,"column":22}},"loc":{"start":{"line":50,"column":70},"end":{"line":72,"column":1}}},"5":{"name":"(anonymous_5)","decl":{"start":{"line":51,"column":10},"end":{"line":51,"column":11}},"loc":{"start":{"line":51,"column":33},"end":{"line":71,"column":3}}},"6":{"name":"(anonymous_6)","decl":{"start":{"line":55,"column":29},"end":{"line":55,"column":30}},"loc":{"start":{"line":55,"column":39},"end":{"line":58,"column":9}}},"7":{"name":"(anonymous_7)","decl":{"start":{"line":59,"column":9},"end":{"line":59,"column":10}},"loc":{"start":{"line":59,"column":19},"end":{"line":62,"column":9}}},"8":{"name":"(anonymous_8)","decl":{"start":{"line":78,"column":20},"end":{"line":78,"column":21}},"loc":{"start":{"line":78,"column":26},"end":{"line":82,"column":1}}},"9":{"name":"(anonymous_9)","decl":{"start":{"line":84,"column":28},"end":{"line":84,"column":29}},"loc":{"start":{"line":84,"column":42},"end":{"line":89,"column":1}}},"10":{"name":"payStartREQ_ERROR","decl":{"start":{"line":91,"column":9},"end":{"line":91,"column":26}},"loc":{"start":{"line":91,"column":37},"end":{"line":98,"column":1}}},"11":{"name":"(anonymous_11)","decl":{"start":{"line":92,"column":9},"end":{"line":92,"column":10}},"loc":{"start":{"line":92,"column":21},"end":{"line":97,"column":3}}},"12":{"name":"payStartHttp","decl":{"start":{"line":103,"column":16},"end":{"line":103,"column":28}},"loc":{"start":{"line":103,"column":38},"end":{"line":112,"column":1}}},"13":{"name":"(anonymous_13)","decl":{"start":{"line":104,"column":9},"end":{"line":104,"column":10}},"loc":{"start":{"line":104,"column":23},"end":{"line":111,"column":3}}},"14":{"name":"(anonymous_14)","decl":{"start":{"line":108,"column":14},"end":{"line":108,"column":15}},"loc":{"start":{"line":108,"column":24},"end":{"line":108,"column":106}}},"15":{"name":"(anonymous_15)","decl":{"start":{"line":109,"column":11},"end":{"line":109,"column":12}},"loc":{"start":{"line":109,"column":23},"end":{"line":109,"column":60}}}},"branchMap":{"0":{"loc":{"start":{"line":53,"column":4},"end":{"line":70,"column":5}},"type":"if","locations":[{"start":{"line":53,"column":4},"end":{"line":70,"column":5}},{"start":{"line":53,"column":4},"end":{"line":70,"column":5}}]},"1":{"loc":{"start":{"line":54,"column":6},"end":{"line":66,"column":7}},"type":"if","locations":[{"start":{"line":54,"column":6},"end":{"line":66,"column":7}},{"start":{"line":54,"column":6},"end":{"line":66,"column":7}}]},"2":{"loc":{"start":{"line":55,"column":8},"end":{"line":62,"column":11}},"type":"cond-expr","locations":[{"start":{"line":55,"column":29},"end":{"line":58,"column":11}},{"start":{"line":59,"column":9},"end":{"line":62,"column":11}}]},"3":{"loc":{"start":{"line":63,"column":12},"end":{"line":66,"column":7}},"type":"if","locations":[{"start":{"line":63,"column":12},"end":{"line":66,"column":7}},{"start":{"line":63,"column":12},"end":{"line":66,"column":7}}]}},"s":{"0":2,"1":1,"2":1,"3":1,"4":1,"5":1,"6":2,"7":0,"8":0,"9":0,"10":0,"11":0,"12":0,"13":0,"14":0,"15":0,"16":0,"17":0,"18":0,"19":0,"20":0,"21":0,"22":2,"23":1,"24":2,"25":0,"26":1,"27":1,"28":0,"29":1,"30":1,"31":1,"32":0,"33":1},"f":{"0":1,"1":1,"2":1,"3":0,"4":0,"5":0,"6":0,"7":0,"8":1,"9":0,"10":1,"11":1,"12":1,"13":1,"14":0,"15":1},"b":{"0":[0,0],"1":[0,0],"2":[0,0],"3":[0,0]},"_coverageSchema":"332fd63041d2c1bcb487cc26dd0d5f7d97098a6c","hash":"de44e8d66cc185cf3498a069ed4e5205a9efdd34"}
,"F:\\wxapp\\src\\reducers\\pay.js": {"path":"F:\\wxapp\\src\\reducers\\pay.js","statementMap":{"0":{"start":{"line":5,"column":25},"end":{"line":13,"column":1}},"1":{"start":{"line":16,"column":27},"end":{"line":16,"column":33}},"2":{"start":{"line":17,"column":1},"end":{"line":53,"column":2}},"3":{"start":{"line":19,"column":3},"end":{"line":21,"column":6}},"4":{"start":{"line":23,"column":3},"end":{"line":25,"column":6}},"5":{"start":{"line":27,"column":3},"end":{"line":29,"column":6}},"6":{"start":{"line":32,"column":3},"end":{"line":35,"column":6}},"7":{"start":{"line":37,"column":3},"end":{"line":39,"column":6}},"8":{"start":{"line":41,"column":3},"end":{"line":45,"column":6}},"9":{"start":{"line":47,"column":3},"end":{"line":50,"column":5}},"10":{"start":{"line":52,"column":3},"end":{"line":52,"column":16}}},"fnMap":{"0":{"name":"(anonymous_0)","decl":{"start":{"line":15,"column":15},"end":{"line":15,"column":16}},"loc":{"start":{"line":15,"column":46},"end":{"line":54,"column":1}}}},"branchMap":{"0":{"loc":{"start":{"line":15,"column":16},"end":{"line":15,"column":33}},"type":"default-arg","locations":[{"start":{"line":15,"column":24},"end":{"line":15,"column":33}}]},"1":{"loc":{"start":{"line":17,"column":1},"end":{"line":53,"column":2}},"type":"switch","locations":[{"start":{"line":18,"column":2},"end":{"line":21,"column":6}},{"start":{"line":22,"column":2},"end":{"line":25,"column":6}},{"start":{"line":26,"column":2},"end":{"line":29,"column":6}},{"start":{"line":31,"column":2},"end":{"line":35,"column":6}},{"start":{"line":36,"column":2},"end":{"line":39,"column":6}},{"start":{"line":40,"column":2},"end":{"line":45,"column":6}},{"start":{"line":46,"column":2},"end":{"line":50,"column":5}},{"start":{"line":51,"column":2},"end":{"line":52,"column":16}}]}},"s":{"0":1,"1":8,"2":8,"3":1,"4":1,"5":1,"6":1,"7":1,"8":1,"9":1,"10":1},"f":{"0":8},"b":{"0":[0],"1":[1,1,1,1,1,1,1,1]},"_coverageSchema":"332fd63041d2c1bcb487cc26dd0d5f7d97098a6c","hash":"32e9243eb5f4e9d6063da9e5f40180fb50957438"}
,"F:\\wxapp\\src\\util\\http.js": {"path":"F:\\wxapp\\src\\util\\http.js","statementMap":{"0":{"start":{"line":25,"column":2},"end":{"line":42,"column":3}},"1":{"start":{"line":26,"column":4},"end":{"line":26,"column":23}},"2":{"start":{"line":28,"column":17},"end":{"line":31,"column":5}},"3":{"start":{"line":32,"column":4},"end":{"line":40,"column":69}},"4":{"start":{"line":34,"column":8},"end":{"line":36,"column":9}},"5":{"start":{"line":35,"column":12},"end":{"line":35,"column":56}},"6":{"start":{"line":37,"column":8},"end":{"line":37,"column":30}},"7":{"start":{"line":39,"column":48},"end":{"line":39,"column":69}},"8":{"start":{"line":40,"column":46},"end":{"line":40,"column":67}},"9":{"start":{"line":41,"column":4},"end":{"line":41,"column":15}}},"fnMap":{"0":{"name":"http","decl":{"start":{"line":6,"column":24},"end":{"line":6,"column":28}},"loc":{"start":{"line":6,"column":37},"end":{"line":43,"column":1}}},"1":{"name":"(anonymous_1)","decl":{"start":{"line":33,"column":12},"end":{"line":33,"column":13}},"loc":{"start":{"line":33,"column":24},"end":{"line":38,"column":7}}},"2":{"name":"(anonymous_2)","decl":{"start":{"line":39,"column":29},"end":{"line":39,"column":30}},"loc":{"start":{"line":39,"column":47},"end":{"line":39,"column":70}}},"3":{"name":"(anonymous_3)","decl":{"start":{"line":40,"column":27},"end":{"line":40,"column":28}},"loc":{"start":{"line":40,"column":45},"end":{"line":40,"column":68}}}},"branchMap":{"0":{"loc":{"start":{"line":29,"column":13},"end":{"line":29,"column":34}},"type":"binary-expr","locations":[{"start":{"line":29,"column":13},"end":{"line":29,"column":27}},{"start":{"line":29,"column":29},"end":{"line":29,"column":34}}]},"1":{"loc":{"start":{"line":30,"column":26},"end":{"line":30,"column":42}},"type":"binary-expr","locations":[{"start":{"line":30,"column":26},"end":{"line":30,"column":38}},{"start":{"line":30,"column":40},"end":{"line":30,"column":42}}]},"2":{"loc":{"start":{"line":34,"column":8},"end":{"line":36,"column":9}},"type":"if","locations":[{"start":{"line":34,"column":8},"end":{"line":36,"column":9}},{"start":{"line":34,"column":8},"end":{"line":36,"column":9}}]},"3":{"loc":{"start":{"line":39,"column":12},"end":{"line":39,"column":70}},"type":"binary-expr","locations":[{"start":{"line":39,"column":12},"end":{"line":39,"column":27}},{"start":{"line":39,"column":29},"end":{"line":39,"column":70}}]},"4":{"loc":{"start":{"line":40,"column":13},"end":{"line":40,"column":68}},"type":"binary-expr","locations":[{"start":{"line":40,"column":13},"end":{"line":40,"column":25}},{"start":{"line":40,"column":27},"end":{"line":40,"column":68}}]}},"s":{"0":3,"1":3,"2":3,"3":3,"4":0,"5":0,"6":0,"7":0,"8":2,"9":3},"f":{"0":3,"1":0,"2":0,"3":2},"b":{"0":[3,3],"1":[3,3],"2":[0,0],"3":[3,2],"4":[3,2]},"_coverageSchema":"332fd63041d2c1bcb487cc26dd0d5f7d97098a6c","hash":"cc5f3d39db70fc8f1d0ffe6b1887df94d3afc162"}
,"F:\\wxapp\\src\\util\\util.js": {"path":"F:\\wxapp\\src\\util\\util.js","statementMap":{"0":{"start":{"line":1,"column":13},"end":{"line":1,"column":158}},"1":{"start":{"line":3,"column":14},"end":{"line":3,"column":16}},"2":{"start":{"line":4,"column":4},"end":{"line":7,"column":5}},"3":{"start":{"line":5,"column":17},"end":{"line":5,"column":45}},"4":{"start":{"line":6,"column":8},"end":{"line":6,"column":26}},"5":{"start":{"line":8,"column":4},"end":{"line":8,"column":15}}},"fnMap":{"0":{"name":"randomString","decl":{"start":{"line":2,"column":16},"end":{"line":2,"column":28}},"loc":{"start":{"line":2,"column":32},"end":{"line":9,"column":1}}}},"branchMap":{},"s":{"0":3,"1":1,"2":1,"3":10,"4":10,"5":1},"f":{"0":1},"b":{},"_coverageSchema":"332fd63041d2c1bcb487cc26dd0d5f7d97098a6c","hash":"0103dd9c352a7f1bd19ce151fcdd2c9d7588e068"}
}
