TN:
SF:F:\wxapp\src\actions\counter.js
FN:14,payWay
FN:20,chargeMoney
FN:21,(anonymous_2)
FN:33,(anonymous_3)
FN:50,submit
FN:51,(anonymous_5)
FN:55,(anonymous_6)
FN:59,(anonymous_7)
FN:78,(anonymous_8)
FN:84,(anonymous_9)
FN:91,payStartREQ_ERROR
FN:92,(anonymous_11)
FN:103,payStartHttp
FN:104,(anonymous_13)
FN:108,(anonymous_14)
FN:109,(anonymous_15)
FNF:16
FNH:9
FNDA:1,payWay
FNDA:1,chargeMoney
FNDA:1,(anonymous_2)
FNDA:0,(anonymous_3)
FNDA:0,submit
FNDA:0,(anonymous_5)
FNDA:0,(anonymous_6)
FNDA:0,(anonymous_7)
FNDA:1,(anonymous_8)
FNDA:0,(anonymous_9)
FNDA:1,payStartREQ_ERROR
FNDA:1,(anonymous_11)
FNDA:1,payStartHttp
FNDA:1,(anonymous_13)
FNDA:0,(anonymous_14)
FNDA:1,(anonymous_15)
DA:4,2
DA:15,1
DA:21,1
DA:22,1
DA:23,1
DA:27,1
DA:33,2
DA:34,0
DA:51,0
DA:52,0
DA:53,0
DA:54,0
DA:55,0
DA:56,0
DA:57,0
DA:60,0
DA:61,0
DA:63,0
DA:64,0
DA:65,0
DA:68,0
DA:69,0
DA:78,2
DA:79,1
DA:84,2
DA:85,0
DA:92,1
DA:93,1
DA:94,0
DA:104,1
DA:105,1
DA:106,1
DA:108,0
DA:109,1
LF:34
LH:16
BRDA:53,0,0,0
BRDA:53,0,1,0
BRDA:54,1,0,0
BRDA:54,1,1,0
BRDA:55,2,0,0
BRDA:55,2,1,0
BRDA:63,3,0,0
BRDA:63,3,1,0
BRF:8
BRH:0
end_of_record
TN:
SF:F:\wxapp\src\reducers\pay.js
FN:15,(anonymous_0)
FNF:1
FNH:1
FNDA:8,(anonymous_0)
DA:5,1
DA:16,8
DA:17,8
DA:19,1
DA:23,1
DA:27,1
DA:32,1
DA:37,1
DA:41,1
DA:47,1
DA:52,1
LF:11
LH:11
BRDA:15,0,0,0
BRDA:17,1,0,1
BRDA:17,1,1,1
BRDA:17,1,2,1
BRDA:17,1,3,1
BRDA:17,1,4,1
BRDA:17,1,5,1
BRDA:17,1,6,1
BRDA:17,1,7,1
BRF:9
BRH:8
end_of_record
TN:
SF:F:\wxapp\src\util\http.js
FN:6,http
FN:33,(anonymous_1)
FN:39,(anonymous_2)
FN:40,(anonymous_3)
FNF:4
FNH:2
FNDA:3,http
FNDA:0,(anonymous_1)
FNDA:0,(anonymous_2)
FNDA:2,(anonymous_3)
DA:25,3
DA:26,3
DA:28,3
DA:32,3
DA:34,0
DA:35,0
DA:37,0
DA:39,0
DA:40,2
DA:41,3
LF:10
LH:6
BRDA:29,0,0,3
BRDA:29,0,1,3
BRDA:30,1,0,3
BRDA:30,1,1,3
BRDA:34,2,0,0
BRDA:34,2,1,0
BRDA:39,3,0,3
BRDA:39,3,1,2
BRDA:40,4,0,3
BRDA:40,4,1,2
BRF:10
BRH:8
end_of_record
TN:
SF:F:\wxapp\src\util\util.js
FN:2,randomString
FNF:1
FNH:1
FNDA:1,randomString
DA:1,3
DA:3,1
DA:4,1
DA:5,10
DA:6,10
DA:8,1
LF:6
LH:6
BRF:0
BRH:0
end_of_record
