TN:
SF:F:\wxapp\src\actions\counter.js
FN:8,payWay
FN:14,chargeMoney
FN:15,(anonymous_2)
FN:27,(anonymous_3)
FN:44,submit
FN:45,(anonymous_5)
FN:49,(anonymous_6)
FN:53,(anonymous_7)
FNF:8
FNH:3
FNDA:1,payWay
FNDA:1,chargeMoney
FNDA:1,(anonymous_2)
FNDA:0,(anonymous_3)
FNDA:0,submit
FNDA:0,(anonymous_5)
FNDA:0,(anonymous_6)
FNDA:0,(anonymous_7)
DA:1,2
DA:9,1
DA:15,1
DA:16,1
DA:17,1
DA:21,1
DA:27,2
DA:28,0
DA:45,0
DA:46,0
DA:47,0
DA:48,0
DA:49,0
DA:50,0
DA:51,0
DA:54,0
DA:55,0
DA:57,0
DA:58,0
DA:59,0
DA:62,0
DA:63,0
LF:22
LH:7
BRDA:47,0,0,0
BRDA:47,0,1,0
BRDA:48,1,0,0
BRDA:48,1,1,0
BRDA:49,2,0,0
BRDA:49,2,1,0
BRDA:57,3,0,0
BRDA:57,3,1,0
BRF:8
BRH:0
end_of_record
TN:
SF:F:\wxapp\src\reducers\pay.js
FN:12,(anonymous_0)
FNF:1
FNH:1
FNDA:4,(anonymous_0)
DA:5,1
DA:13,4
DA:14,4
DA:16,1
DA:20,1
DA:24,1
DA:29,1
DA:34,0
LF:8
LH:7
BRDA:12,0,0,0
BRDA:14,1,0,1
BRDA:14,1,1,1
BRDA:14,1,2,1
BRDA:14,1,3,1
BRDA:14,1,4,0
BRF:6
BRH:4
end_of_record
